2022-01-25 20:40:59 INFO  Log:9 - application opened
2022-01-25 20:41:03 INFO  Log:9 - Login completed
2022-01-25 20:41:06 INFO  Log:9 - Logout completed
2022-01-25 20:41:10 INFO  Log:9 - application closed
2022-01-25 20:41:14 INFO  Log:9 - application opened
2022-01-25 20:41:25 INFO  Log:9 - Login completed
2022-01-25 20:41:28 INFO  Log:9 - enter into frame completed
2022-01-25 20:41:30 INFO  Log:9 - added employee
2022-01-25 20:41:35 INFO  Log:9 - Logout completed
2022-01-25 20:41:39 INFO  Log:9 - application closed
2022-01-25 20:41:43 INFO  Log:9 - application opened
2022-01-25 20:41:53 INFO  Log:9 - Login completed
2022-01-25 20:41:56 INFO  Log:9 - enter into frame completed
2022-01-25 20:41:59 INFO  Log:9 - employee edited
2022-01-25 20:42:04 INFO  Log:9 - Logout completed
2022-01-25 20:42:08 INFO  Log:9 - application closed
2022-01-27 14:11:48 INFO  Log:9 - application opened
2022-01-27 14:11:56 INFO  Log:9 - Login completed
2022-01-27 14:12:00 INFO  Log:9 - Logout completed
2022-01-27 14:12:03 INFO  Log:9 - application closed
2022-01-27 14:12:05 INFO  Log:9 - application opened
2022-01-27 14:12:15 INFO  Log:9 - Login completed
2022-01-27 14:12:18 INFO  Log:9 - enter into frame completed
2022-01-27 14:12:22 INFO  Log:9 - added employee
2022-01-27 14:12:27 INFO  Log:9 - Logout completed
2022-01-27 14:12:31 INFO  Log:9 - application closed
2022-01-27 14:12:33 INFO  Log:9 - application opened
2022-01-27 14:12:42 INFO  Log:9 - Login completed
2022-01-27 14:12:45 INFO  Log:9 - enter into frame completed
2022-01-27 14:12:47 INFO  Log:9 - employee edited
2022-01-27 14:12:52 INFO  Log:9 - Logout completed
2022-01-27 14:12:56 INFO  Log:9 - application closed
2022-01-27 14:15:59 INFO  Log:9 - application opened
2022-01-27 14:16:03 INFO  Log:9 - Login completed
2022-01-27 14:16:06 INFO  Log:9 - Logout completed
2022-01-27 14:16:10 INFO  Log:9 - application closed
2022-01-27 14:16:12 INFO  Log:9 - application opened
2022-01-27 14:16:22 INFO  Log:9 - Login completed
2022-01-27 14:16:25 INFO  Log:9 - enter into frame completed
2022-01-27 14:16:26 INFO  Log:9 - added employee
2022-01-27 14:16:31 INFO  Log:9 - Logout completed
2022-01-27 14:16:35 INFO  Log:9 - application closed
2022-01-27 14:16:37 INFO  Log:9 - application opened
2022-01-27 14:16:47 INFO  Log:9 - Login completed
2022-01-27 14:16:50 INFO  Log:9 - enter into frame completed
2022-01-27 14:16:51 INFO  Log:9 - employee edited
2022-01-27 14:16:57 INFO  Log:9 - Logout completed
2022-01-27 14:17:00 INFO  Log:9 - application closed
2022-01-27 20:07:45 INFO  Log:9 - application opened
2022-01-27 20:07:56 INFO  Log:9 - Login completed
2022-01-27 20:07:59 INFO  Log:9 - Logout completed
2022-01-27 20:08:03 INFO  Log:9 - application closed
2022-01-27 20:08:06 INFO  Log:9 - application opened
2022-01-27 20:08:16 INFO  Log:9 - Login completed
2022-01-27 20:08:19 INFO  Log:9 - enter into frame completed
2022-01-27 20:08:25 INFO  Log:9 - added employee
2022-01-27 20:08:30 INFO  Log:9 - Logout completed
2022-01-27 20:08:34 INFO  Log:9 - application closed
2022-01-27 20:08:37 INFO  Log:9 - application opened
2022-01-27 20:08:47 INFO  Log:9 - Login completed
2022-01-27 20:08:50 INFO  Log:9 - enter into frame completed
2022-01-27 20:08:53 INFO  Log:9 - employee edited
2022-01-27 20:08:58 INFO  Log:9 - Logout completed
2022-01-27 20:09:02 INFO  Log:9 - application closed
